ERROR - 2026-03-16 03:51:22 --> Error connecting to the database: mysqli_sql_exception: No such file or directory in /home/vol1_6/infinityfree.com/if0_41400654/htdocs/vendor/codeigniter4/framework/system/Database/MySQLi/Connection.php:201
Stack trace:
#0 /home/vol1_6/infinityfree.com/if0_41400654/htdocs/vendor/codeigniter4/framework/system/Database/MySQLi/Connection.php(201): mysqli->real_connect('localhost', 'root', Object(SensitiveParameterValue), 'db_todo', 3306, '', 0)
#1 /home/vol1_6/infinityfree.com/if0_41400654/htdocs/vendor/codeigniter4/framework/system/Database/BaseConnection.php(419): CodeIgniter\Database\MySQLi\Connection->connect(false)
#2 /home/vol1_6/infinityfree.com/if0_41400654/htdocs/vendor/codeigniter4/framework/system/Database/BaseConnection.php(654): CodeIgniter\Database\BaseConnection->initialize()
#3 /home/vol1_6/infinityfree.com/if0_41400654/htdocs/vendor/codeigniter4/framework/system/Database/BaseBuilder.php(1649): CodeIgniter\Database\BaseConnection->query('SELECT *\nFROM `...', Array, false)
#4 /home/vol1_6/infinityfree.com/if0_41400654/htdocs/vendor/codeigniter4/framework/system/Model.php(254): CodeIgniter\Database\BaseBuilder->get()
#5 /home/vol1_6/infinityfree.com/if0_41400654/htdocs/vendor/codeigniter4/framework/system/BaseModel.php(675): CodeIgniter\Model->doFindAll(0, 0)
#6 /home/vol1_6/infinityfree.com/if0_41400654/htdocs/app/Controllers/Todo.php(31): CodeIgniter\BaseModel->findAll()
#7 /home/vol1_6/infinityfree.com/if0_41400654/htdocs/vendor/codeigniter4/framework/system/CodeIgniter.php(951): App\Controllers\Todo->index()
#8 /home/vol1_6/infinityfree.com/if0_41400654/htdocs/vendor/codeigniter4/framework/system/CodeIgniter.php(497): CodeIgniter\CodeIgniter->runController(Object(App\Controllers\Todo))
#9 /home/vol1_6/infinityfree.com/if0_41400654/htdocs/vendor/codeigniter4/framework/system/CodeIgniter.php(340): CodeIgniter\CodeIgniter->handleRequest(NULL, Object(Config\Cache), false)
#10 /home/vol1_6/infinityfree.com/if0_41400654/htdocs/vendor/codeigniter4/framework/system/Boot.php(417): CodeIgniter\CodeIgniter->run()
#11 /home/vol1_6/infinityfree.com/if0_41400654/htdocs/vendor/codeigniter4/framework/system/Boot.php(68): CodeIgniter\Boot::runCodeIgniter(Object(CodeIgniter\CodeIgniter))
#12 /home/vol1_6/infinityfree.com/if0_41400654/htdocs/index.php(59): CodeIgniter\Boot::bootWeb(Object(Config\Paths))
#13 {main}

Next CodeIgniter\Database\Exceptions\DatabaseException: No such file or directory in /home/vol1_6/infinityfree.com/if0_41400654/htdocs/vendor/codeigniter4/framework/system/Database/MySQLi/Connection.php:231
Stack trace:
#0 /home/vol1_6/infinityfree.com/if0_41400654/htdocs/vendor/codeigniter4/framework/system/Database/BaseConnection.php(419): CodeIgniter\Database\MySQLi\Connection->connect(false)
#1 /home/vol1_6/infinityfree.com/if0_41400654/htdocs/vendor/codeigniter4/framework/system/Database/BaseConnection.php(654): CodeIgniter\Database\BaseConnection->initialize()
#2 /home/vol1_6/infinityfree.com/if0_41400654/htdocs/vendor/codeigniter4/framework/system/Database/BaseBuilder.php(1649): CodeIgniter\Database\BaseConnection->query('SELECT *\nFROM `...', Array, false)
#3 /home/vol1_6/infinityfree.com/if0_41400654/htdocs/vendor/codeigniter4/framework/system/Model.php(254): CodeIgniter\Database\BaseBuilder->get()
#4 /home/vol1_6/infinityfree.com/if0_41400654/htdocs/vendor/codeigniter4/framework/system/BaseModel.php(675): CodeIgniter\Model->doFindAll(0, 0)
#5 /home/vol1_6/infinityfree.com/if0_41400654/htdocs/app/Controllers/Todo.php(31): CodeIgniter\BaseModel->findAll()
#6 /home/vol1_6/infinityfree.com/if0_41400654/htdocs/vendor/codeigniter4/framework/system/CodeIgniter.php(951): App\Controllers\Todo->index()
#7 /home/vol1_6/infinityfree.com/if0_41400654/htdocs/vendor/codeigniter4/framework/system/CodeIgniter.php(497): CodeIgniter\CodeIgniter->runController(Object(App\Controllers\Todo))
#8 /home/vol1_6/infinityfree.com/if0_41400654/htdocs/vendor/codeigniter4/framework/system/CodeIgniter.php(340): CodeIgniter\CodeIgniter->handleRequest(NULL, Object(Config\Cache), false)
#9 /home/vol1_6/infinityfree.com/if0_41400654/htdocs/vendor/codeigniter4/framework/system/Boot.php(417): CodeIgniter\CodeIgniter->run()
#10 /home/vol1_6/infinityfree.com/if0_41400654/htdocs/vendor/codeigniter4/framework/system/Boot.php(68): CodeIgniter\Boot::runCodeIgniter(Object(CodeIgniter\CodeIgniter))
#11 /home/vol1_6/infinityfree.com/if0_41400654/htdocs/index.php(59): CodeIgniter\Boot::bootWeb(Object(Config\Paths))
#12 {main}
CRITICAL - 2026-03-16 03:51:22 --> CodeIgniter\Database\Exceptions\DatabaseException: Unable to connect to the database.
Main connection [MySQLi]: No such file or directory
[Method: GET, Route: /]
in SYSTEMPATH/Database/BaseConnection.php on line 465.
 1 SYSTEMPATH/Database/BaseConnection.php(654): CodeIgniter\Database\BaseConnection->initialize()
 2 SYSTEMPATH/Database/BaseBuilder.php(1649): CodeIgniter\Database\BaseConnection->query('SELECT *
FROM `tasks`
ORDER BY `created_at` DESC', [], false)
 3 SYSTEMPATH/Model.php(254): CodeIgniter\Database\BaseBuilder->get()
 4 SYSTEMPATH/BaseModel.php(675): CodeIgniter\Model->doFindAll(0, 0)
 5 APPPATH/Controllers/Todo.php(31): CodeIgniter\BaseModel->findAll()
 6 SYSTEMPATH/CodeIgniter.php(951): App\Controllers\Todo->index()
 7 SYSTEMPATH/CodeIgniter.php(497): CodeIgniter\CodeIgniter->runController(Object(App\Controllers\Todo))
 8 SYSTEMPATH/CodeIgniter.php(340): CodeIgniter\CodeIgniter->handleRequest(null, Object(Config\Cache), false)
 9 SYSTEMPATH/Boot.php(417): CodeIgniter\CodeIgniter->run()
10 SYSTEMPATH/Boot.php(68): CodeIgniter\Boot::runCodeIgniter(Object(CodeIgniter\CodeIgniter))
11 FCPATH/index.php(59): CodeIgniter\Boot::bootWeb(Object(Config\Paths))
ERROR - 2026-03-16 03:55:33 --> Error connecting to the database: mysqli_sql_exception: No such file or directory in /home/vol1_6/infinityfree.com/if0_41400654/htdocs/vendor/codeigniter4/framework/system/Database/MySQLi/Connection.php:201
Stack trace:
#0 /home/vol1_6/infinityfree.com/if0_41400654/htdocs/vendor/codeigniter4/framework/system/Database/MySQLi/Connection.php(201): mysqli->real_connect('localhost', 'root', Object(SensitiveParameterValue), 'db_todo', 3306, '', 0)
#1 /home/vol1_6/infinityfree.com/if0_41400654/htdocs/vendor/codeigniter4/framework/system/Database/BaseConnection.php(419): CodeIgniter\Database\MySQLi\Connection->connect(false)
#2 /home/vol1_6/infinityfree.com/if0_41400654/htdocs/vendor/codeigniter4/framework/system/Database/BaseConnection.php(654): CodeIgniter\Database\BaseConnection->initialize()
#3 /home/vol1_6/infinityfree.com/if0_41400654/htdocs/vendor/codeigniter4/framework/system/Database/BaseBuilder.php(1649): CodeIgniter\Database\BaseConnection->query('SELECT *\nFROM `...', Array, false)
#4 /home/vol1_6/infinityfree.com/if0_41400654/htdocs/vendor/codeigniter4/framework/system/Model.php(254): CodeIgniter\Database\BaseBuilder->get()
#5 /home/vol1_6/infinityfree.com/if0_41400654/htdocs/vendor/codeigniter4/framework/system/BaseModel.php(675): CodeIgniter\Model->doFindAll(0, 0)
#6 /home/vol1_6/infinityfree.com/if0_41400654/htdocs/app/Controllers/Todo.php(31): CodeIgniter\BaseModel->findAll()
#7 /home/vol1_6/infinityfree.com/if0_41400654/htdocs/vendor/codeigniter4/framework/system/CodeIgniter.php(951): App\Controllers\Todo->index()
#8 /home/vol1_6/infinityfree.com/if0_41400654/htdocs/vendor/codeigniter4/framework/system/CodeIgniter.php(497): CodeIgniter\CodeIgniter->runController(Object(App\Controllers\Todo))
#9 /home/vol1_6/infinityfree.com/if0_41400654/htdocs/vendor/codeigniter4/framework/system/CodeIgniter.php(340): CodeIgniter\CodeIgniter->handleRequest(NULL, Object(Config\Cache), false)
#10 /home/vol1_6/infinityfree.com/if0_41400654/htdocs/vendor/codeigniter4/framework/system/Boot.php(417): CodeIgniter\CodeIgniter->run()
#11 /home/vol1_6/infinityfree.com/if0_41400654/htdocs/vendor/codeigniter4/framework/system/Boot.php(68): CodeIgniter\Boot::runCodeIgniter(Object(CodeIgniter\CodeIgniter))
#12 /home/vol1_6/infinityfree.com/if0_41400654/htdocs/index.php(59): CodeIgniter\Boot::bootWeb(Object(Config\Paths))
#13 {main}

Next CodeIgniter\Database\Exceptions\DatabaseException: No such file or directory in /home/vol1_6/infinityfree.com/if0_41400654/htdocs/vendor/codeigniter4/framework/system/Database/MySQLi/Connection.php:231
Stack trace:
#0 /home/vol1_6/infinityfree.com/if0_41400654/htdocs/vendor/codeigniter4/framework/system/Database/BaseConnection.php(419): CodeIgniter\Database\MySQLi\Connection->connect(false)
#1 /home/vol1_6/infinityfree.com/if0_41400654/htdocs/vendor/codeigniter4/framework/system/Database/BaseConnection.php(654): CodeIgniter\Database\BaseConnection->initialize()
#2 /home/vol1_6/infinityfree.com/if0_41400654/htdocs/vendor/codeigniter4/framework/system/Database/BaseBuilder.php(1649): CodeIgniter\Database\BaseConnection->query('SELECT *\nFROM `...', Array, false)
#3 /home/vol1_6/infinityfree.com/if0_41400654/htdocs/vendor/codeigniter4/framework/system/Model.php(254): CodeIgniter\Database\BaseBuilder->get()
#4 /home/vol1_6/infinityfree.com/if0_41400654/htdocs/vendor/codeigniter4/framework/system/BaseModel.php(675): CodeIgniter\Model->doFindAll(0, 0)
#5 /home/vol1_6/infinityfree.com/if0_41400654/htdocs/app/Controllers/Todo.php(31): CodeIgniter\BaseModel->findAll()
#6 /home/vol1_6/infinityfree.com/if0_41400654/htdocs/vendor/codeigniter4/framework/system/CodeIgniter.php(951): App\Controllers\Todo->index()
#7 /home/vol1_6/infinityfree.com/if0_41400654/htdocs/vendor/codeigniter4/framework/system/CodeIgniter.php(497): CodeIgniter\CodeIgniter->runController(Object(App\Controllers\Todo))
#8 /home/vol1_6/infinityfree.com/if0_41400654/htdocs/vendor/codeigniter4/framework/system/CodeIgniter.php(340): CodeIgniter\CodeIgniter->handleRequest(NULL, Object(Config\Cache), false)
#9 /home/vol1_6/infinityfree.com/if0_41400654/htdocs/vendor/codeigniter4/framework/system/Boot.php(417): CodeIgniter\CodeIgniter->run()
#10 /home/vol1_6/infinityfree.com/if0_41400654/htdocs/vendor/codeigniter4/framework/system/Boot.php(68): CodeIgniter\Boot::runCodeIgniter(Object(CodeIgniter\CodeIgniter))
#11 /home/vol1_6/infinityfree.com/if0_41400654/htdocs/index.php(59): CodeIgniter\Boot::bootWeb(Object(Config\Paths))
#12 {main}
CRITICAL - 2026-03-16 03:55:33 --> CodeIgniter\Database\Exceptions\DatabaseException: Unable to connect to the database.
Main connection [MySQLi]: No such file or directory
[Method: GET, Route: /]
in SYSTEMPATH/Database/BaseConnection.php on line 465.
 1 SYSTEMPATH/Database/BaseConnection.php(654): CodeIgniter\Database\BaseConnection->initialize()
 2 SYSTEMPATH/Database/BaseBuilder.php(1649): CodeIgniter\Database\BaseConnection->query('SELECT *
FROM `tasks`
ORDER BY `created_at` DESC', [], false)
 3 SYSTEMPATH/Model.php(254): CodeIgniter\Database\BaseBuilder->get()
 4 SYSTEMPATH/BaseModel.php(675): CodeIgniter\Model->doFindAll(0, 0)
 5 APPPATH/Controllers/Todo.php(31): CodeIgniter\BaseModel->findAll()
 6 SYSTEMPATH/CodeIgniter.php(951): App\Controllers\Todo->index()
 7 SYSTEMPATH/CodeIgniter.php(497): CodeIgniter\CodeIgniter->runController(Object(App\Controllers\Todo))
 8 SYSTEMPATH/CodeIgniter.php(340): CodeIgniter\CodeIgniter->handleRequest(null, Object(Config\Cache), false)
 9 SYSTEMPATH/Boot.php(417): CodeIgniter\CodeIgniter->run()
10 SYSTEMPATH/Boot.php(68): CodeIgniter\Boot::runCodeIgniter(Object(CodeIgniter\CodeIgniter))
11 FCPATH/index.php(59): CodeIgniter\Boot::bootWeb(Object(Config\Paths))
ERROR - 2026-03-16 03:57:06 --> Error connecting to the database: mysqli_sql_exception: No such file or directory in /home/vol1_6/infinityfree.com/if0_41400654/htdocs/vendor/codeigniter4/framework/system/Database/MySQLi/Connection.php:201
Stack trace:
#0 /home/vol1_6/infinityfree.com/if0_41400654/htdocs/vendor/codeigniter4/framework/system/Database/MySQLi/Connection.php(201): mysqli->real_connect('localhost', 'root', Object(SensitiveParameterValue), 'db_todo', 3306, '', 0)
#1 /home/vol1_6/infinityfree.com/if0_41400654/htdocs/vendor/codeigniter4/framework/system/Database/BaseConnection.php(419): CodeIgniter\Database\MySQLi\Connection->connect(false)
#2 /home/vol1_6/infinityfree.com/if0_41400654/htdocs/vendor/codeigniter4/framework/system/Database/BaseConnection.php(654): CodeIgniter\Database\BaseConnection->initialize()
#3 /home/vol1_6/infinityfree.com/if0_41400654/htdocs/vendor/codeigniter4/framework/system/Database/BaseBuilder.php(1649): CodeIgniter\Database\BaseConnection->query('SELECT *\nFROM `...', Array, false)
#4 /home/vol1_6/infinityfree.com/if0_41400654/htdocs/vendor/codeigniter4/framework/system/Model.php(254): CodeIgniter\Database\BaseBuilder->get()
#5 /home/vol1_6/infinityfree.com/if0_41400654/htdocs/vendor/codeigniter4/framework/system/BaseModel.php(675): CodeIgniter\Model->doFindAll(0, 0)
#6 /home/vol1_6/infinityfree.com/if0_41400654/htdocs/app/Controllers/Todo.php(31): CodeIgniter\BaseModel->findAll()
#7 /home/vol1_6/infinityfree.com/if0_41400654/htdocs/vendor/codeigniter4/framework/system/CodeIgniter.php(951): App\Controllers\Todo->index()
#8 /home/vol1_6/infinityfree.com/if0_41400654/htdocs/vendor/codeigniter4/framework/system/CodeIgniter.php(497): CodeIgniter\CodeIgniter->runController(Object(App\Controllers\Todo))
#9 /home/vol1_6/infinityfree.com/if0_41400654/htdocs/vendor/codeigniter4/framework/system/CodeIgniter.php(340): CodeIgniter\CodeIgniter->handleRequest(NULL, Object(Config\Cache), false)
#10 /home/vol1_6/infinityfree.com/if0_41400654/htdocs/vendor/codeigniter4/framework/system/Boot.php(417): CodeIgniter\CodeIgniter->run()
#11 /home/vol1_6/infinityfree.com/if0_41400654/htdocs/vendor/codeigniter4/framework/system/Boot.php(68): CodeIgniter\Boot::runCodeIgniter(Object(CodeIgniter\CodeIgniter))
#12 /home/vol1_6/infinityfree.com/if0_41400654/htdocs/index.php(59): CodeIgniter\Boot::bootWeb(Object(Config\Paths))
#13 {main}

Next CodeIgniter\Database\Exceptions\DatabaseException: No such file or directory in /home/vol1_6/infinityfree.com/if0_41400654/htdocs/vendor/codeigniter4/framework/system/Database/MySQLi/Connection.php:231
Stack trace:
#0 /home/vol1_6/infinityfree.com/if0_41400654/htdocs/vendor/codeigniter4/framework/system/Database/BaseConnection.php(419): CodeIgniter\Database\MySQLi\Connection->connect(false)
#1 /home/vol1_6/infinityfree.com/if0_41400654/htdocs/vendor/codeigniter4/framework/system/Database/BaseConnection.php(654): CodeIgniter\Database\BaseConnection->initialize()
#2 /home/vol1_6/infinityfree.com/if0_41400654/htdocs/vendor/codeigniter4/framework/system/Database/BaseBuilder.php(1649): CodeIgniter\Database\BaseConnection->query('SELECT *\nFROM `...', Array, false)
#3 /home/vol1_6/infinityfree.com/if0_41400654/htdocs/vendor/codeigniter4/framework/system/Model.php(254): CodeIgniter\Database\BaseBuilder->get()
#4 /home/vol1_6/infinityfree.com/if0_41400654/htdocs/vendor/codeigniter4/framework/system/BaseModel.php(675): CodeIgniter\Model->doFindAll(0, 0)
#5 /home/vol1_6/infinityfree.com/if0_41400654/htdocs/app/Controllers/Todo.php(31): CodeIgniter\BaseModel->findAll()
#6 /home/vol1_6/infinityfree.com/if0_41400654/htdocs/vendor/codeigniter4/framework/system/CodeIgniter.php(951): App\Controllers\Todo->index()
#7 /home/vol1_6/infinityfree.com/if0_41400654/htdocs/vendor/codeigniter4/framework/system/CodeIgniter.php(497): CodeIgniter\CodeIgniter->runController(Object(App\Controllers\Todo))
#8 /home/vol1_6/infinityfree.com/if0_41400654/htdocs/vendor/codeigniter4/framework/system/CodeIgniter.php(340): CodeIgniter\CodeIgniter->handleRequest(NULL, Object(Config\Cache), false)
#9 /home/vol1_6/infinityfree.com/if0_41400654/htdocs/vendor/codeigniter4/framework/system/Boot.php(417): CodeIgniter\CodeIgniter->run()
#10 /home/vol1_6/infinityfree.com/if0_41400654/htdocs/vendor/codeigniter4/framework/system/Boot.php(68): CodeIgniter\Boot::runCodeIgniter(Object(CodeIgniter\CodeIgniter))
#11 /home/vol1_6/infinityfree.com/if0_41400654/htdocs/index.php(59): CodeIgniter\Boot::bootWeb(Object(Config\Paths))
#12 {main}
CRITICAL - 2026-03-16 03:57:06 --> CodeIgniter\Database\Exceptions\DatabaseException: Unable to connect to the database.
Main connection [MySQLi]: No such file or directory
[Method: GET, Route: /]
in SYSTEMPATH/Database/BaseConnection.php on line 465.
 1 SYSTEMPATH/Database/BaseConnection.php(654): CodeIgniter\Database\BaseConnection->initialize()
 2 SYSTEMPATH/Database/BaseBuilder.php(1649): CodeIgniter\Database\BaseConnection->query('SELECT *
FROM `tasks`
ORDER BY `created_at` DESC', [], false)
 3 SYSTEMPATH/Model.php(254): CodeIgniter\Database\BaseBuilder->get()
 4 SYSTEMPATH/BaseModel.php(675): CodeIgniter\Model->doFindAll(0, 0)
 5 APPPATH/Controllers/Todo.php(31): CodeIgniter\BaseModel->findAll()
 6 SYSTEMPATH/CodeIgniter.php(951): App\Controllers\Todo->index()
 7 SYSTEMPATH/CodeIgniter.php(497): CodeIgniter\CodeIgniter->runController(Object(App\Controllers\Todo))
 8 SYSTEMPATH/CodeIgniter.php(340): CodeIgniter\CodeIgniter->handleRequest(null, Object(Config\Cache), false)
 9 SYSTEMPATH/Boot.php(417): CodeIgniter\CodeIgniter->run()
10 SYSTEMPATH/Boot.php(68): CodeIgniter\Boot::runCodeIgniter(Object(CodeIgniter\CodeIgniter))
11 FCPATH/index.php(59): CodeIgniter\Boot::bootWeb(Object(Config\Paths))
ERROR - 2026-03-16 03:59:34 --> Error connecting to the database: mysqli_sql_exception: No such file or directory in /home/vol1_6/infinityfree.com/if0_41400654/htdocs/vendor/codeigniter4/framework/system/Database/MySQLi/Connection.php:201
Stack trace:
#0 /home/vol1_6/infinityfree.com/if0_41400654/htdocs/vendor/codeigniter4/framework/system/Database/MySQLi/Connection.php(201): mysqli->real_connect('localhost', 'root', Object(SensitiveParameterValue), 'db_todo', 3306, '', 0)
#1 /home/vol1_6/infinityfree.com/if0_41400654/htdocs/vendor/codeigniter4/framework/system/Database/BaseConnection.php(419): CodeIgniter\Database\MySQLi\Connection->connect(false)
#2 /home/vol1_6/infinityfree.com/if0_41400654/htdocs/vendor/codeigniter4/framework/system/Database/BaseConnection.php(654): CodeIgniter\Database\BaseConnection->initialize()
#3 /home/vol1_6/infinityfree.com/if0_41400654/htdocs/vendor/codeigniter4/framework/system/Database/BaseBuilder.php(1649): CodeIgniter\Database\BaseConnection->query('SELECT *\nFROM `...', Array, false)
#4 /home/vol1_6/infinityfree.com/if0_41400654/htdocs/vendor/codeigniter4/framework/system/Model.php(254): CodeIgniter\Database\BaseBuilder->get()
#5 /home/vol1_6/infinityfree.com/if0_41400654/htdocs/vendor/codeigniter4/framework/system/BaseModel.php(675): CodeIgniter\Model->doFindAll(0, 0)
#6 /home/vol1_6/infinityfree.com/if0_41400654/htdocs/app/Controllers/Todo.php(31): CodeIgniter\BaseModel->findAll()
#7 /home/vol1_6/infinityfree.com/if0_41400654/htdocs/vendor/codeigniter4/framework/system/CodeIgniter.php(951): App\Controllers\Todo->index()
#8 /home/vol1_6/infinityfree.com/if0_41400654/htdocs/vendor/codeigniter4/framework/system/CodeIgniter.php(497): CodeIgniter\CodeIgniter->runController(Object(App\Controllers\Todo))
#9 /home/vol1_6/infinityfree.com/if0_41400654/htdocs/vendor/codeigniter4/framework/system/CodeIgniter.php(340): CodeIgniter\CodeIgniter->handleRequest(NULL, Object(Config\Cache), false)
#10 /home/vol1_6/infinityfree.com/if0_41400654/htdocs/vendor/codeigniter4/framework/system/Boot.php(417): CodeIgniter\CodeIgniter->run()
#11 /home/vol1_6/infinityfree.com/if0_41400654/htdocs/vendor/codeigniter4/framework/system/Boot.php(68): CodeIgniter\Boot::runCodeIgniter(Object(CodeIgniter\CodeIgniter))
#12 /home/vol1_6/infinityfree.com/if0_41400654/htdocs/index.php(59): CodeIgniter\Boot::bootWeb(Object(Config\Paths))
#13 {main}

Next CodeIgniter\Database\Exceptions\DatabaseException: No such file or directory in /home/vol1_6/infinityfree.com/if0_41400654/htdocs/vendor/codeigniter4/framework/system/Database/MySQLi/Connection.php:231
Stack trace:
#0 /home/vol1_6/infinityfree.com/if0_41400654/htdocs/vendor/codeigniter4/framework/system/Database/BaseConnection.php(419): CodeIgniter\Database\MySQLi\Connection->connect(false)
#1 /home/vol1_6/infinityfree.com/if0_41400654/htdocs/vendor/codeigniter4/framework/system/Database/BaseConnection.php(654): CodeIgniter\Database\BaseConnection->initialize()
#2 /home/vol1_6/infinityfree.com/if0_41400654/htdocs/vendor/codeigniter4/framework/system/Database/BaseBuilder.php(1649): CodeIgniter\Database\BaseConnection->query('SELECT *\nFROM `...', Array, false)
#3 /home/vol1_6/infinityfree.com/if0_41400654/htdocs/vendor/codeigniter4/framework/system/Model.php(254): CodeIgniter\Database\BaseBuilder->get()
#4 /home/vol1_6/infinityfree.com/if0_41400654/htdocs/vendor/codeigniter4/framework/system/BaseModel.php(675): CodeIgniter\Model->doFindAll(0, 0)
#5 /home/vol1_6/infinityfree.com/if0_41400654/htdocs/app/Controllers/Todo.php(31): CodeIgniter\BaseModel->findAll()
#6 /home/vol1_6/infinityfree.com/if0_41400654/htdocs/vendor/codeigniter4/framework/system/CodeIgniter.php(951): App\Controllers\Todo->index()
#7 /home/vol1_6/infinityfree.com/if0_41400654/htdocs/vendor/codeigniter4/framework/system/CodeIgniter.php(497): CodeIgniter\CodeIgniter->runController(Object(App\Controllers\Todo))
#8 /home/vol1_6/infinityfree.com/if0_41400654/htdocs/vendor/codeigniter4/framework/system/CodeIgniter.php(340): CodeIgniter\CodeIgniter->handleRequest(NULL, Object(Config\Cache), false)
#9 /home/vol1_6/infinityfree.com/if0_41400654/htdocs/vendor/codeigniter4/framework/system/Boot.php(417): CodeIgniter\CodeIgniter->run()
#10 /home/vol1_6/infinityfree.com/if0_41400654/htdocs/vendor/codeigniter4/framework/system/Boot.php(68): CodeIgniter\Boot::runCodeIgniter(Object(CodeIgniter\CodeIgniter))
#11 /home/vol1_6/infinityfree.com/if0_41400654/htdocs/index.php(59): CodeIgniter\Boot::bootWeb(Object(Config\Paths))
#12 {main}
CRITICAL - 2026-03-16 03:59:34 --> CodeIgniter\Database\Exceptions\DatabaseException: Unable to connect to the database.
Main connection [MySQLi]: No such file or directory
[Method: GET, Route: /]
in SYSTEMPATH/Database/BaseConnection.php on line 465.
 1 SYSTEMPATH/Database/BaseConnection.php(654): CodeIgniter\Database\BaseConnection->initialize()
 2 SYSTEMPATH/Database/BaseBuilder.php(1649): CodeIgniter\Database\BaseConnection->query('SELECT *
FROM `tasks`
ORDER BY `created_at` DESC', [], false)
 3 SYSTEMPATH/Model.php(254): CodeIgniter\Database\BaseBuilder->get()
 4 SYSTEMPATH/BaseModel.php(675): CodeIgniter\Model->doFindAll(0, 0)
 5 APPPATH/Controllers/Todo.php(31): CodeIgniter\BaseModel->findAll()
 6 SYSTEMPATH/CodeIgniter.php(951): App\Controllers\Todo->index()
 7 SYSTEMPATH/CodeIgniter.php(497): CodeIgniter\CodeIgniter->runController(Object(App\Controllers\Todo))
 8 SYSTEMPATH/CodeIgniter.php(340): CodeIgniter\CodeIgniter->handleRequest(null, Object(Config\Cache), false)
 9 SYSTEMPATH/Boot.php(417): CodeIgniter\CodeIgniter->run()
10 SYSTEMPATH/Boot.php(68): CodeIgniter\Boot::runCodeIgniter(Object(CodeIgniter\CodeIgniter))
11 FCPATH/index.php(59): CodeIgniter\Boot::bootWeb(Object(Config\Paths))
ERROR - 2026-03-16 04:03:40 --> Error connecting to the database: mysqli_sql_exception: No such file or directory in /home/vol1_6/infinityfree.com/if0_41400654/htdocs/vendor/codeigniter4/framework/system/Database/MySQLi/Connection.php:201
Stack trace:
#0 /home/vol1_6/infinityfree.com/if0_41400654/htdocs/vendor/codeigniter4/framework/system/Database/MySQLi/Connection.php(201): mysqli->real_connect('localhost', 'root', Object(SensitiveParameterValue), 'db_todo', 3306, '', 0)
#1 /home/vol1_6/infinityfree.com/if0_41400654/htdocs/vendor/codeigniter4/framework/system/Database/BaseConnection.php(419): CodeIgniter\Database\MySQLi\Connection->connect(false)
#2 /home/vol1_6/infinityfree.com/if0_41400654/htdocs/vendor/codeigniter4/framework/system/Database/BaseConnection.php(654): CodeIgniter\Database\BaseConnection->initialize()
#3 /home/vol1_6/infinityfree.com/if0_41400654/htdocs/vendor/codeigniter4/framework/system/Database/BaseBuilder.php(1649): CodeIgniter\Database\BaseConnection->query('SELECT *\nFROM `...', Array, false)
#4 /home/vol1_6/infinityfree.com/if0_41400654/htdocs/vendor/codeigniter4/framework/system/Model.php(254): CodeIgniter\Database\BaseBuilder->get()
#5 /home/vol1_6/infinityfree.com/if0_41400654/htdocs/vendor/codeigniter4/framework/system/BaseModel.php(675): CodeIgniter\Model->doFindAll(0, 0)
#6 /home/vol1_6/infinityfree.com/if0_41400654/htdocs/app/Controllers/Todo.php(31): CodeIgniter\BaseModel->findAll()
#7 /home/vol1_6/infinityfree.com/if0_41400654/htdocs/vendor/codeigniter4/framework/system/CodeIgniter.php(951): App\Controllers\Todo->index()
#8 /home/vol1_6/infinityfree.com/if0_41400654/htdocs/vendor/codeigniter4/framework/system/CodeIgniter.php(497): CodeIgniter\CodeIgniter->runController(Object(App\Controllers\Todo))
#9 /home/vol1_6/infinityfree.com/if0_41400654/htdocs/vendor/codeigniter4/framework/system/CodeIgniter.php(340): CodeIgniter\CodeIgniter->handleRequest(NULL, Object(Config\Cache), false)
#10 /home/vol1_6/infinityfree.com/if0_41400654/htdocs/vendor/codeigniter4/framework/system/Boot.php(417): CodeIgniter\CodeIgniter->run()
#11 /home/vol1_6/infinityfree.com/if0_41400654/htdocs/vendor/codeigniter4/framework/system/Boot.php(68): CodeIgniter\Boot::runCodeIgniter(Object(CodeIgniter\CodeIgniter))
#12 /home/vol1_6/infinityfree.com/if0_41400654/htdocs/index.php(59): CodeIgniter\Boot::bootWeb(Object(Config\Paths))
#13 {main}

Next CodeIgniter\Database\Exceptions\DatabaseException: No such file or directory in /home/vol1_6/infinityfree.com/if0_41400654/htdocs/vendor/codeigniter4/framework/system/Database/MySQLi/Connection.php:231
Stack trace:
#0 /home/vol1_6/infinityfree.com/if0_41400654/htdocs/vendor/codeigniter4/framework/system/Database/BaseConnection.php(419): CodeIgniter\Database\MySQLi\Connection->connect(false)
#1 /home/vol1_6/infinityfree.com/if0_41400654/htdocs/vendor/codeigniter4/framework/system/Database/BaseConnection.php(654): CodeIgniter\Database\BaseConnection->initialize()
#2 /home/vol1_6/infinityfree.com/if0_41400654/htdocs/vendor/codeigniter4/framework/system/Database/BaseBuilder.php(1649): CodeIgniter\Database\BaseConnection->query('SELECT *\nFROM `...', Array, false)
#3 /home/vol1_6/infinityfree.com/if0_41400654/htdocs/vendor/codeigniter4/framework/system/Model.php(254): CodeIgniter\Database\BaseBuilder->get()
#4 /home/vol1_6/infinityfree.com/if0_41400654/htdocs/vendor/codeigniter4/framework/system/BaseModel.php(675): CodeIgniter\Model->doFindAll(0, 0)
#5 /home/vol1_6/infinityfree.com/if0_41400654/htdocs/app/Controllers/Todo.php(31): CodeIgniter\BaseModel->findAll()
#6 /home/vol1_6/infinityfree.com/if0_41400654/htdocs/vendor/codeigniter4/framework/system/CodeIgniter.php(951): App\Controllers\Todo->index()
#7 /home/vol1_6/infinityfree.com/if0_41400654/htdocs/vendor/codeigniter4/framework/system/CodeIgniter.php(497): CodeIgniter\CodeIgniter->runController(Object(App\Controllers\Todo))
#8 /home/vol1_6/infinityfree.com/if0_41400654/htdocs/vendor/codeigniter4/framework/system/CodeIgniter.php(340): CodeIgniter\CodeIgniter->handleRequest(NULL, Object(Config\Cache), false)
#9 /home/vol1_6/infinityfree.com/if0_41400654/htdocs/vendor/codeigniter4/framework/system/Boot.php(417): CodeIgniter\CodeIgniter->run()
#10 /home/vol1_6/infinityfree.com/if0_41400654/htdocs/vendor/codeigniter4/framework/system/Boot.php(68): CodeIgniter\Boot::runCodeIgniter(Object(CodeIgniter\CodeIgniter))
#11 /home/vol1_6/infinityfree.com/if0_41400654/htdocs/index.php(59): CodeIgniter\Boot::bootWeb(Object(Config\Paths))
#12 {main}
CRITICAL - 2026-03-16 04:03:40 --> CodeIgniter\Database\Exceptions\DatabaseException: Unable to connect to the database.
Main connection [MySQLi]: No such file or directory
[Method: GET, Route: /]
in SYSTEMPATH/Database/BaseConnection.php on line 465.
 1 SYSTEMPATH/Database/BaseConnection.php(654): CodeIgniter\Database\BaseConnection->initialize()
 2 SYSTEMPATH/Database/BaseBuilder.php(1649): CodeIgniter\Database\BaseConnection->query('SELECT *
FROM `tasks`
ORDER BY `created_at` DESC', [], false)
 3 SYSTEMPATH/Model.php(254): CodeIgniter\Database\BaseBuilder->get()
 4 SYSTEMPATH/BaseModel.php(675): CodeIgniter\Model->doFindAll(0, 0)
 5 APPPATH/Controllers/Todo.php(31): CodeIgniter\BaseModel->findAll()
 6 SYSTEMPATH/CodeIgniter.php(951): App\Controllers\Todo->index()
 7 SYSTEMPATH/CodeIgniter.php(497): CodeIgniter\CodeIgniter->runController(Object(App\Controllers\Todo))
 8 SYSTEMPATH/CodeIgniter.php(340): CodeIgniter\CodeIgniter->handleRequest(null, Object(Config\Cache), false)
 9 SYSTEMPATH/Boot.php(417): CodeIgniter\CodeIgniter->run()
10 SYSTEMPATH/Boot.php(68): CodeIgniter\Boot::runCodeIgniter(Object(CodeIgniter\CodeIgniter))
11 FCPATH/index.php(59): CodeIgniter\Boot::bootWeb(Object(Config\Paths))
ERROR - 2026-03-16 04:04:32 --> Error connecting to the database: mysqli_sql_exception: No such file or directory in /home/vol1_6/infinityfree.com/if0_41400654/htdocs/vendor/codeigniter4/framework/system/Database/MySQLi/Connection.php:201
Stack trace:
#0 /home/vol1_6/infinityfree.com/if0_41400654/htdocs/vendor/codeigniter4/framework/system/Database/MySQLi/Connection.php(201): mysqli->real_connect('localhost', 'root', Object(SensitiveParameterValue), 'db_todo', 3306, '', 0)
#1 /home/vol1_6/infinityfree.com/if0_41400654/htdocs/vendor/codeigniter4/framework/system/Database/BaseConnection.php(419): CodeIgniter\Database\MySQLi\Connection->connect(false)
#2 /home/vol1_6/infinityfree.com/if0_41400654/htdocs/vendor/codeigniter4/framework/system/Database/BaseConnection.php(654): CodeIgniter\Database\BaseConnection->initialize()
#3 /home/vol1_6/infinityfree.com/if0_41400654/htdocs/vendor/codeigniter4/framework/system/Database/BaseBuilder.php(1649): CodeIgniter\Database\BaseConnection->query('SELECT *\nFROM `...', Array, false)
#4 /home/vol1_6/infinityfree.com/if0_41400654/htdocs/vendor/codeigniter4/framework/system/Model.php(254): CodeIgniter\Database\BaseBuilder->get()
#5 /home/vol1_6/infinityfree.com/if0_41400654/htdocs/vendor/codeigniter4/framework/system/BaseModel.php(675): CodeIgniter\Model->doFindAll(0, 0)
#6 /home/vol1_6/infinityfree.com/if0_41400654/htdocs/app/Controllers/Todo.php(31): CodeIgniter\BaseModel->findAll()
#7 /home/vol1_6/infinityfree.com/if0_41400654/htdocs/vendor/codeigniter4/framework/system/CodeIgniter.php(951): App\Controllers\Todo->index()
#8 /home/vol1_6/infinityfree.com/if0_41400654/htdocs/vendor/codeigniter4/framework/system/CodeIgniter.php(497): CodeIgniter\CodeIgniter->runController(Object(App\Controllers\Todo))
#9 /home/vol1_6/infinityfree.com/if0_41400654/htdocs/vendor/codeigniter4/framework/system/CodeIgniter.php(340): CodeIgniter\CodeIgniter->handleRequest(NULL, Object(Config\Cache), false)
#10 /home/vol1_6/infinityfree.com/if0_41400654/htdocs/vendor/codeigniter4/framework/system/Boot.php(417): CodeIgniter\CodeIgniter->run()
#11 /home/vol1_6/infinityfree.com/if0_41400654/htdocs/vendor/codeigniter4/framework/system/Boot.php(68): CodeIgniter\Boot::runCodeIgniter(Object(CodeIgniter\CodeIgniter))
#12 /home/vol1_6/infinityfree.com/if0_41400654/htdocs/index.php(59): CodeIgniter\Boot::bootWeb(Object(Config\Paths))
#13 {main}

Next CodeIgniter\Database\Exceptions\DatabaseException: No such file or directory in /home/vol1_6/infinityfree.com/if0_41400654/htdocs/vendor/codeigniter4/framework/system/Database/MySQLi/Connection.php:231
Stack trace:
#0 /home/vol1_6/infinityfree.com/if0_41400654/htdocs/vendor/codeigniter4/framework/system/Database/BaseConnection.php(419): CodeIgniter\Database\MySQLi\Connection->connect(false)
#1 /home/vol1_6/infinityfree.com/if0_41400654/htdocs/vendor/codeigniter4/framework/system/Database/BaseConnection.php(654): CodeIgniter\Database\BaseConnection->initialize()
#2 /home/vol1_6/infinityfree.com/if0_41400654/htdocs/vendor/codeigniter4/framework/system/Database/BaseBuilder.php(1649): CodeIgniter\Database\BaseConnection->query('SELECT *\nFROM `...', Array, false)
#3 /home/vol1_6/infinityfree.com/if0_41400654/htdocs/vendor/codeigniter4/framework/system/Model.php(254): CodeIgniter\Database\BaseBuilder->get()
#4 /home/vol1_6/infinityfree.com/if0_41400654/htdocs/vendor/codeigniter4/framework/system/BaseModel.php(675): CodeIgniter\Model->doFindAll(0, 0)
#5 /home/vol1_6/infinityfree.com/if0_41400654/htdocs/app/Controllers/Todo.php(31): CodeIgniter\BaseModel->findAll()
#6 /home/vol1_6/infinityfree.com/if0_41400654/htdocs/vendor/codeigniter4/framework/system/CodeIgniter.php(951): App\Controllers\Todo->index()
#7 /home/vol1_6/infinityfree.com/if0_41400654/htdocs/vendor/codeigniter4/framework/system/CodeIgniter.php(497): CodeIgniter\CodeIgniter->runController(Object(App\Controllers\Todo))
#8 /home/vol1_6/infinityfree.com/if0_41400654/htdocs/vendor/codeigniter4/framework/system/CodeIgniter.php(340): CodeIgniter\CodeIgniter->handleRequest(NULL, Object(Config\Cache), false)
#9 /home/vol1_6/infinityfree.com/if0_41400654/htdocs/vendor/codeigniter4/framework/system/Boot.php(417): CodeIgniter\CodeIgniter->run()
#10 /home/vol1_6/infinityfree.com/if0_41400654/htdocs/vendor/codeigniter4/framework/system/Boot.php(68): CodeIgniter\Boot::runCodeIgniter(Object(CodeIgniter\CodeIgniter))
#11 /home/vol1_6/infinityfree.com/if0_41400654/htdocs/index.php(59): CodeIgniter\Boot::bootWeb(Object(Config\Paths))
#12 {main}
CRITICAL - 2026-03-16 04:04:32 --> CodeIgniter\Database\Exceptions\DatabaseException: Unable to connect to the database.
Main connection [MySQLi]: No such file or directory
[Method: GET, Route: /]
in SYSTEMPATH/Database/BaseConnection.php on line 465.
 1 SYSTEMPATH/Database/BaseConnection.php(654): CodeIgniter\Database\BaseConnection->initialize()
 2 SYSTEMPATH/Database/BaseBuilder.php(1649): CodeIgniter\Database\BaseConnection->query('SELECT *
FROM `tasks`
ORDER BY `created_at` DESC', [], false)
 3 SYSTEMPATH/Model.php(254): CodeIgniter\Database\BaseBuilder->get()
 4 SYSTEMPATH/BaseModel.php(675): CodeIgniter\Model->doFindAll(0, 0)
 5 APPPATH/Controllers/Todo.php(31): CodeIgniter\BaseModel->findAll()
 6 SYSTEMPATH/CodeIgniter.php(951): App\Controllers\Todo->index()
 7 SYSTEMPATH/CodeIgniter.php(497): CodeIgniter\CodeIgniter->runController(Object(App\Controllers\Todo))
 8 SYSTEMPATH/CodeIgniter.php(340): CodeIgniter\CodeIgniter->handleRequest(null, Object(Config\Cache), false)
 9 SYSTEMPATH/Boot.php(417): CodeIgniter\CodeIgniter->run()
10 SYSTEMPATH/Boot.php(68): CodeIgniter\Boot::runCodeIgniter(Object(CodeIgniter\CodeIgniter))
11 FCPATH/index.php(59): CodeIgniter\Boot::bootWeb(Object(Config\Paths))
DEBUG - 2026-03-16 04:06:50 --> Session: Class initialized using 'CodeIgniter\Session\Handlers\FileHandler' driver.
